executor.py [LINE:362] #INFO     [2023-01-07 20:04:26,480]  Bot: Калькулятор Владимира Петрова [@vapsan_calc_bot]
dispatcher.py [LINE:358] #INFO     [2023-01-07 20:04:26,481]  Start polling.
game.py [LINE:91] #INFO     [2023-01-07 20:04:43,647]  Пользователь ввел 5
game.py [LINE:91] #INFO     [2023-01-07 20:04:44,701]  Пользователь ввел 56
game.py [LINE:91] #INFO     [2023-01-07 20:04:50,009]  Пользователь ввел 56
game.py [LINE:91] #INFO     [2023-01-07 20:04:50,952]  Пользователь ввел 567
game.py [LINE:91] #INFO     [2023-01-07 20:04:54,825]  Пользователь ввел 53
game.py [LINE:91] #INFO     [2023-01-07 20:04:55,465]  Пользователь ввел 534
game.py [LINE:91] #INFO     [2023-01-07 20:05:03,094]  Пользователь ввел 5 * 
game.py [LINE:91] #INFO     [2023-01-07 20:05:04,139]  Пользователь ввел 5 * 6
game.py [LINE:91] #INFO     [2023-01-07 20:05:06,244]  Пользователь ввел 5 * 62
game.py [LINE:91] #INFO     [2023-01-07 20:05:07,709]  Пользователь ввел 5 * 626
game.py [LINE:72] #INFO     [2023-01-07 20:05:11,735]  Результат 5 * 626 = 3130
game.py [LINE:91] #INFO     [2023-01-07 20:05:18,647]  Пользователь ввел 6
game.py [LINE:91] #INFO     [2023-01-07 20:05:19,413]  Пользователь ввел 67
game.py [LINE:91] #INFO     [2023-01-07 20:05:20,289]  Пользователь ввел 67 / 
game.py [LINE:91] #INFO     [2023-01-07 20:05:21,636]  Пользователь ввел 67 / 0
game.py [LINE:91] #INFO     [2023-01-07 20:05:26,879]  Пользователь ввел 6
game.py [LINE:91] #INFO     [2023-01-07 20:05:27,640]  Пользователь ввел 63
game.py [LINE:91] #INFO     [2023-01-07 20:05:28,392]  Пользователь ввел 63 / 
game.py [LINE:91] #INFO     [2023-01-07 20:05:29,425]  Пользователь ввел 63 / 0
game.py [LINE:72] #INFO     [2023-01-07 20:05:31,491]  Результат 63 / 0 = Деление на 0!
game.py [LINE:91] #INFO     [2023-01-07 20:05:37,390]  Пользователь ввел  - 
game.py [LINE:91] #INFO     [2023-01-07 20:05:39,353]  Пользователь ввел  - 2
game.py [LINE:91] #INFO     [2023-01-07 20:05:40,221]  Пользователь ввел  - 2 - 
game.py [LINE:91] #INFO     [2023-01-07 20:05:41,371]  Пользователь ввел  - 2 - 2
game.py [LINE:91] #INFO     [2023-01-07 20:05:47,615]  Пользователь ввел  - 
game.py [LINE:91] #INFO     [2023-01-07 20:05:48,930]  Пользователь ввел  - 2
game.py [LINE:91] #INFO     [2023-01-07 20:05:50,378]  Пользователь ввел  - 2 - 
game.py [LINE:91] #INFO     [2023-01-07 20:05:51,561]  Пользователь ввел  - 2 - 2
game.py [LINE:91] #INFO     [2023-01-07 20:06:03,327]  Пользователь ввел  - 
game.py [LINE:91] #INFO     [2023-01-07 20:06:04,180]  Пользователь ввел  - 2
game.py [LINE:91] #INFO     [2023-01-07 20:06:07,256]  Пользователь ввел  - 2 * 
game.py [LINE:91] #INFO     [2023-01-07 20:06:09,102]  Пользователь ввел  - 2 * 6
dispatcher.py [LINE:433] #INFO     [2023-01-07 20:17:46,455]  Stop polling...
executor.py [LINE:329] #WARNING  [2023-01-07 20:17:46,457]  Goodbye!
